<?xml version="1.0" encoding="UTF-8"?>
<testsuite name="ru.stqa.pft.addressbook.tests.GroupCreationTests" tests="3" skipped="0" failures="0" errors="0" timestamp="2018-10-20T18:36:37" hostname="Lapa" time="40.291">
  <properties/>
  <testcase name="testGroupCreation[0](GroupData{name='test 0', id='2147483647'})" classname="ru.stqa.pft.addressbook.tests.GroupCreationTests" time="14.735"/>
  <testcase name="testGroupCreation[1](GroupData{name='test 1', id='2147483647'})" classname="ru.stqa.pft.addressbook.tests.GroupCreationTests" time="12.719"/>
  <testcase name="testGroupCreation[2](GroupData{name='test 2', id='2147483647'})" classname="ru.stqa.pft.addressbook.tests.GroupCreationTests" time="12.834"/>
  <system-out><![CDATA[]]></system-out>
  <system-err><![CDATA[]]></system-err>
</testsuite>
