<?xml version="1.0" encoding="UTF-8"?>
<testsuite name="ru.stqa.pft.addressbook.tests.ContactCreationTests" tests="1" skipped="0" failures="0" errors="0" timestamp="2018-10-20T18:37:45" hostname="Lapa" time="14.424">
  <properties/>
  <testcase name="testContactCreation[0](ContactData{id=2147483647, firstname='РЎРµРјРµРЅРѕРІ', lastname='РЎРµСЂРіРµР№'})" classname="ru.stqa.pft.addressbook.tests.ContactCreationTests" time="14.424"/>
  <system-out><![CDATA[]]></system-out>
  <system-err><![CDATA[]]></system-err>
</testsuite>
